0 info it worked if it ends with ok
1 verbose cli [ 'C:\\Program Files\\node-js\\node.exe',
1 verbose cli   'C:\\Program Files\\node-js\\node_modules\\npm\\bin\\npm-cli.js',
1 verbose cli   'run-script',
1 verbose cli   'migrate' ]
2 info using npm@3.10.3
3 info using node@v6.3.1
4 verbose run-script [ 'premigrate', 'migrate', 'postmigrate' ]
5 info lifecycle ParkSwap@1.1.3~premigrate: ParkSwap@1.1.3
6 silly lifecycle ParkSwap@1.1.3~premigrate: no script for premigrate, continuing
7 info lifecycle ParkSwap@1.1.3~migrate: ParkSwap@1.1.3
8 verbose lifecycle ParkSwap@1.1.3~migrate: unsafe-perm in lifecycle true
9 verbose lifecycle ParkSwap@1.1.3~migrate: PATH: C:\Program Files\node-js\node_modules\npm\bin\node-gyp-bin;C:\Users\yassine\Desktop\ParkSwap-master\node_modules\.bin;C:\Program Files\node-js;C:\Users\yassine\bin;C:\Program Files\Git\mingw64\bin;C:\Program Files\Git\usr\local\bin;C:\Program Files\Git\usr\bin;C:\Program Files\Git\usr\bin;C:\Program Files\Git\mingw64\bin;C:\Program Files\Git\usr\bin;C:\Users\yassine\bin;C:\ProgramData\Oracle\Java\javapath;C:\Windows\system32;C:\Windows;C:\Windows\System32\Wbem;C:\Windows\System32\WindowsPowerShell\v1.0;C:\Program Files\WIDCOMM\Bluetooth Software;C:\Program Files\WIDCOMM\Bluetooth Software\syswow64;C:\Program Files (x86)\ATI Technologies\ATI.ACE\Core-Static;C:\Program Files (x86)\Common Files\Roxio Shared\10.0\DLLShared;C:\Program Files (x86)\Common Files\Roxio Shared\DLLShared;C:\Program Files (x86)\CloudFoundry;C:\Program Files (x86)\Heroku\bin;C:\Program Files (x86)\git\cmd;C:\Program Files\Google\Cloud SDK\google-cloud-sdk\bin;C:\Users\yassine\.dnx\bin;C:\Program Files\Microsoft DNX\Dnvm;C:\Program Files\Microsoft SQL Server\130\Tools\Binn;C:\Program Files\Git\cmd;C:\Program Files\Git\mingw64\bin;C:\Program Files\Git\usr\bin;C:\Program Files\node-js;C:\Program Files (x86)\Brackets\command;C:\Users\yassine\.dnx\bin;C:\Ruby21\bin;C:\Users\yassine\AppData\Roaming\npm;C:\Program Files\Git\usr\bin\vendor_perl;C:\Program Files\Git\usr\bin\core_perl
10 verbose lifecycle ParkSwap@1.1.3~migrate: CWD: C:\Users\yassine\Desktop\ParkSwap-master
11 silly lifecycle ParkSwap@1.1.3~migrate: Args: [ '/d /s /c', 'node app/db/schema.js' ]
12 silly lifecycle ParkSwap@1.1.3~migrate: Returned: code: 1  signal: null
13 info lifecycle ParkSwap@1.1.3~migrate: Failed to exec migrate script
14 verbose stack Error: ParkSwap@1.1.3 migrate: `node app/db/schema.js`
14 verbose stack Exit status 1
14 verbose stack     at EventEmitter.<anonymous> (C:\Program Files\node-js\node_modules\npm\lib\utils\lifecycle.js:242:16)
14 verbose stack     at emitTwo (events.js:106:13)
14 verbose stack     at EventEmitter.emit (events.js:191:7)
14 verbose stack     at ChildProcess.<anonymous> (C:\Program Files\node-js\node_modules\npm\lib\utils\spawn.js:40:14)
14 verbose stack     at emitTwo (events.js:106:13)
14 verbose stack     at ChildProcess.emit (events.js:191:7)
14 verbose stack     at maybeClose (internal/child_process.js:852:16)
14 verbose stack     at Process.ChildProcess._handle.onexit (internal/child_process.js:215:5)
15 verbose pkgid ParkSwap@1.1.3
16 verbose cwd C:\Users\yassine\Desktop\ParkSwap-master
17 error Windows_NT 6.1.7601
18 error argv "C:\\Program Files\\node-js\\node.exe" "C:\\Program Files\\node-js\\node_modules\\npm\\bin\\npm-cli.js" "run-script" "migrate"
19 error node v6.3.1
20 error npm  v3.10.3
21 error code ELIFECYCLE
22 error ParkSwap@1.1.3 migrate: `node app/db/schema.js`
22 error Exit status 1
23 error Failed at the ParkSwap@1.1.3 migrate script 'node app/db/schema.js'.
23 error Make sure you have the latest version of node.js and npm installed.
23 error If you do, this is most likely a problem with the ParkSwap package,
23 error not with npm itself.
23 error Tell the author that this fails on your system:
23 error     node app/db/schema.js
23 error You can get information on how to open an issue for this project with:
23 error     npm bugs ParkSwap
23 error Or if that isn't available, you can get their info via:
23 error     npm owner ls ParkSwap
23 error There is likely additional logging output above.
24 verbose exit [ 1, true ]
